<?xml version="1.0" encoding="UTF-8"?>
<!-- Generated by org.testng.reporters.JUnitReportReporter -->
<testsuite ignored="0" hostname="LAPTOP-AQGNQBU7" failures="0" tests="1" name="prueba.NewTestSel" time="3.753" errors="0" timestamp="27 ago. 2022 15:23:19 GMT" skipped="0">
  <testcase classname="prueba.NewTestSel" name="testsel" time="3.753"/>
</testsuite> <!-- prueba.NewTestSel -->
